#
# There is insufficient memory for the Java Runtime Environment to continue.
# Native memory allocation (mmap) failed to map 134217728 bytes for Failed to commit area from 0x0000000081600000 to 0x0000000089600000 of length 134217728.
# Possible reasons:
#   The system is out of physical RAM or swap space
#   The process is running with CompressedOops enabled, and the Java Heap may be blocking the growth of the native heap
# Possible solutions:
#   Reduce memory load on the system
#   Increase physical memory or swap space
#   Check if swap backing store is full
#   Decrease Java heap size (-Xmx/-Xms)
#   Decrease number of Java threads
#   Decrease Java thread stack sizes (-Xss)
#   Set larger code cache with -XX:ReservedCodeCacheSize=
#   JVM is running with Unscaled Compressed Oops mode in which the Java heap is
#     placed in the first 4GB address space. The Java Heap base address is the
#     maximum limit for the native heap growth. Please use -XX:HeapBaseMinAddress
#     to set the Java Heap base and to place the Java Heap above 4GB virtual address.
# This output file may be truncated or incomplete.
#
#  Out of Memory Error (t:/workspace/open/src/hotspot/os/windows/os_windows.cpp:3315), pid=14240, tid=3908
#
# JRE version:  (14.0+36) (build )
# Java VM: Java HotSpot(TM) 64-Bit Server VM (14+36-1461, mixed mode, sharing, tiered, compressed oops, g1 gc, windows-amd64)
# No core dump will be written. Minidumps are not enabled by default on client versions of Windows
#

---------------  S U M M A R Y ------------

Command Line: -Dcom.sun.management.jmxremote -Dcom.sun.management.jmxremote.port=64592 -Dcom.sun.management.jmxremote.authenticate=false -Dcom.sun.management.jmxremote.ssl=false -Djava.rmi.server.hostname=localhost -Dspring.jmx.enabled=true -Dspring.application.admin.enabled=true -Xverify:none -XX:TieredStopAtLevel=1 -Dfile.encoding=UTF-8 dashboard.DashboardBackApplication

Host: Intel(R) Core(TM) i7-8550U CPU @ 1.80GHz, 8 cores, 7G,  Windows 10 , 64 bit Build 17763 (10.0.17763.475)
Time: Fri Nov 26 15:24:47 2021 Russia TZ 2 Standard Time elapsed time: 0 seconds (0d 0h 0m 0s)

---------------  T H R E A D  ---------------

Current thread (0x000001f4a686a800):  JavaThread "Unknown thread" [_thread_in_vm, id=3908, stack(0x000000812c200000,0x000000812c300000)]

Stack: [0x000000812c200000,0x000000812c300000]
Native frames: (J=compiled Java code, j=interpreted, Vv=VM code, C=native code)
V  [jvm.dll+0x5f83ea]
V  [jvm.dll+0x741e2a]
V  [jvm.dll+0x7435df]
V  [jvm.dll+0x743c23]
V  [jvm.dll+0x20d268]
V  [jvm.dll+0x5f579a]
V  [jvm.dll+0x5ea5f5]
V  [jvm.dll+0x2c7e7c]
V  [jvm.dll+0x2c7cb2]
V  [jvm.dll+0x2cdb9c]
V  [jvm.dll+0x313fd8]
V  [jvm.dll+0x313700]
V  [jvm.dll+0x2a090a]
V  [jvm.dll+0x2a1a59]
V  [jvm.dll+0x71f6f8]
V  [jvm.dll+0x321c24]
V  [jvm.dll+0x700aec]
V  [jvm.dll+0x392ddf]
V  [jvm.dll+0x394e51]
C  [jli.dll+0x523b]
C  [ucrtbase.dll+0x21ffa]
C  [KERNEL32.DLL+0x17974]
C  [ntdll.dll+0x6a271]


---------------  P R O C E S S  ---------------

Threads class SMR info:
_java_thread_list=0x00007ffa7a4e4078, length=0, elements={
}

Java Threads: ( => current thread )

Other Threads:
  0x000001f4a88ff800 GCTaskThread "GC Thread#0" [stack: 0x000000812c300000,0x000000812c400000] [id=25580]
  0x000001f4a8911000 ConcurrentGCThread "G1 Main Marker" [stack: 0x000000812c400000,0x000000812c500000] [id=8824]
  0x000001f4a8913000 ConcurrentGCThread "G1 Conc#0" [stack: 0x000000812c500000,0x000000812c600000] [id=6164]

[error occurred during error reporting (printing all threads), id 0xc0000005, EXCEPTION_ACCESS_VIOLATION (0xc0000005) at pc=0x00007ffa79d11237]

VM state:not at safepoint (not fully initialized)

VM Mutex/Monitor currently owned by a thread:  ([mutex/lock_event])
[0x000001f4a88bedf0] Heap_lock - owner thread: 0x000001f4a686a800

Heap address: 0x0000000081600000, size: 2026 MB, Compressed Oops mode: 32-bit
Narrow klass base: 0x0000000000000000, Narrow klass shift: 0

GC Heap History (0 events):
No events

Deoptimization events (0 events):
No events

Classes unloaded (0 events):
No events

Classes redefined (0 events):
No events

Internal exceptions (0 events):
No events

Events (2 events):
Event: 0.008 Loaded shared library C:\Program Files\Java\jdk-14\bin\java.dll
Event: 0.008 Loaded shared library C:\Program Files\Java\jdk-14\bin\zip.dll


Dynamic libraries:
0x00007ff6c5190000 - 0x00007ff6c519f000 	C:\Program Files\Java\jdk-14\bin\javaw.exe
0x00007ffac57d0000 - 0x00007ffac59bd000 	C:\Windows\SYSTEM32\ntdll.dll
0x00007ffac4fa0000 - 0x00007ffac5053000 	C:\Windows\System32\KERNEL32.DLL
0x00007ffac2150000 - 0x00007ffac23e3000 	C:\Windows\System32\KERNELBASE.dll
0x00007ffac2680000 - 0x00007ffac277a000 	C:\Windows\System32\ucrtbase.dll
0x00007ffabbfd0000 - 0x00007ffabbfe8000 	C:\Program Files\Java\jdk-14\bin\jli.dll
0x00007ffac4af0000 - 0x00007ffac4b93000 	C:\Windows\System32\ADVAPI32.dll
0x00007ffac5250000 - 0x00007ffac52ee000 	C:\Windows\System32\msvcrt.dll
0x00007ffac2aa0000 - 0x00007ffac2b3e000 	C:\Windows\System32\sechost.dll
0x00007ffac4d80000 - 0x00007ffac4ea2000 	C:\Windows\System32\RPCRT4.dll
0x00007ffabc160000 - 0x00007ffabc175000 	C:\Program Files\Java\jdk-14\bin\VCRUNTIME140.dll
0x00007ffac4be0000 - 0x00007ffac4d77000 	C:\Windows\System32\USER32.dll
0x00007ffac18e0000 - 0x00007ffac1900000 	C:\Windows\System32\win32u.dll
0x00007ffa9ae70000 - 0x00007ffa9b0e9000 	C:\Windows\WinSxS\amd64_microsoft.windows.common-controls_6595b64144ccf1df_6.0.17763.973_none_05b245900721eb81\COMCTL32.dll
0x00007ffac4ec0000 - 0x00007ffac4ee9000 	C:\Windows\System32\GDI32.dll
0x00007ffac2ca0000 - 0x00007ffac2fcc000 	C:\Windows\System32\combase.dll
0x00007ffac27a0000 - 0x00007ffac2939000 	C:\Windows\System32\gdi32full.dll
0x00007ffac1900000 - 0x00007ffac19a0000 	C:\Windows\System32\msvcp_win.dll
0x00007ffac2940000 - 0x00007ffac29be000 	C:\Windows\System32\bcryptPrimitives.dll
0x00007ffabcda0000 - 0x00007ffabcdaa000 	C:\Windows\SYSTEM32\VERSION.dll
0x00007ffac4ba0000 - 0x00007ffac4bce000 	C:\Windows\System32\IMM32.DLL
0x00007ffa9f290000 - 0x00007ffa9f32b000 	C:\Program Files\Java\jdk-14\bin\msvcp140.dll
0x00007ffa79a60000 - 0x00007ffa7a57f000 	C:\Program Files\Java\jdk-14\bin\server\jvm.dll
0x00007ffac2a90000 - 0x00007ffac2a98000 	C:\Windows\System32\PSAPI.DLL
0x00007ffa9fa50000 - 0x00007ffa9fa59000 	C:\Windows\SYSTEM32\WSOCK32.dll
0x00007ffabe550000 - 0x00007ffabe574000 	C:\Windows\SYSTEM32\WINMM.dll
0x00007ffac3030000 - 0x00007ffac309d000 	C:\Windows\System32\WS2_32.dll
0x00007ffabe520000 - 0x00007ffabe54d000 	C:\Windows\SYSTEM32\winmmbase.dll
0x00007ffac1890000 - 0x00007ffac18da000 	C:\Windows\System32\cfgmgr32.dll
0x00007ffac17f0000 - 0x00007ffac1801000 	C:\Windows\System32\kernel.appcore.dll
0x00007ffabe3e0000 - 0x00007ffabe3ea000 	C:\Program Files\Java\jdk-14\bin\jimage.dll
0x00007ffab7480000 - 0x00007ffab766d000 	C:\Windows\SYSTEM32\DBGHELP.DLL
0x00007ffab2800000 - 0x00007ffab282a000 	C:\Windows\SYSTEM32\dbgcore.DLL
0x00007ffabc010000 - 0x00007ffabc035000 	C:\Program Files\Java\jdk-14\bin\java.dll
0x00007ffabbfb0000 - 0x00007ffabbfc7000 	C:\Program Files\Java\jdk-14\bin\zip.dll

dbghelp: loaded successfully - version: 4.0.5 - missing functions: none
symbol engine: initialized successfully - sym options: 0x614 - pdb path: .;C:\Program Files\Java\jdk-14\bin;C:\Windows\SYSTEM32;C:\Windows\WinSxS\amd64_microsoft.windows.common-controls_6595b64144ccf1df_6.0.17763.973_none_05b245900721eb81;C:\Program Files\Java\jdk-14\bin\server

VM Arguments:
jvm_args: -Dcom.sun.management.jmxremote -Dcom.sun.management.jmxremote.port=64592 -Dcom.sun.management.jmxremote.authenticate=false -Dcom.sun.management.jmxremote.ssl=false -Djava.rmi.server.hostname=localhost -Dspring.jmx.enabled=true -Dspring.application.admin.enabled=true -Xverify:none -XX:TieredStopAtLevel=1 -Dfile.encoding=UTF-8 
java_command: dashboard.DashboardBackApplication
java_class_path (initial): D:\java29\DashboardBack\target\classes;C:\Users\Vova\.m2\repository\org\springframework\boot\spring-boot-devtools\2.4.5\spring-boot-devtools-2.4.5.jar;C:\Users\Vova\.m2\repository\org\springframework\boot\spring-boot\2.4.5\spring-boot-2.4.5.jar;C:\Users\Vova\.m2\repository\org\springframework\spring-context\5.3.6\spring-context-5.3.6.jar;C:\Users\Vova\.m2\repository\org\springframework\boot\spring-boot-autoconfigure\2.4.5\spring-boot-autoconfigure-2.4.5.jar;C:\Users\Vova\.m2\repository\org\hibernate\hibernate-core\5.4.30.Final\hibernate-core-5.4.30.Final.jar;C:\Users\Vova\.m2\repository\org\jboss\logging\jboss-logging\3.4.1.Final\jboss-logging-3.4.1.Final.jar;C:\Users\Vova\.m2\repository\javax\persistence\javax.persistence-api\2.2\javax.persistence-api-2.2.jar;C:\Users\Vova\.m2\repository\org\javassist\javassist\3.27.0-GA\javassist-3.27.0-GA.jar;C:\Users\Vova\.m2\repository\net\bytebuddy\byte-buddy\1.10.22\byte-buddy-1.10.22.jar;C:\Users\Vova\.m2\repository\antlr\antlr\2.7.7\antlr-2.7.7.jar;C:\Users\Vova\.m2\repository\org\jboss\spec\javax\transaction\jboss-transaction-api_1.2_spec\1.1.1.Final\jboss-transaction-api_1.2_spec-1.1.1.Final.jar;C:\Users\Vova\.m2\repository\org\jboss\jandex\2.2.3.Final\jandex-2.2.3.Final.jar;C:\Users\Vova\.m2\repository\com\fasterxml\classmate\1.5.1\classmate-1.5.1.jar;C:\Users\Vova\.m2\repository\javax\activation\javax.activation-api\1.2.0\javax.activation-api-1.2.0.jar;C:\Users\Vova\.m2\repository\org\dom4j\dom4j\2.1.3\dom4j-2.1.3.jar;C:\Users\Vova\.m2\repository\org\hibernate\common\hibernate-commons-annotations\5.1.2.Final\hibernate-commons-annotations-5.1.2.Final.jar;C:\Users\Vova\.m2\repository\javax\xml\bind\jaxb-api\2.3.1\jaxb-api-2.3.1.jar;C:\Users\Vova\.m2\repository\org\glassfish\jaxb\jaxb-runtime\2.3.4\jaxb-runtime-2.3.4.jar;C:\Users\Vova\.m2\repository\org\glassfish\jaxb\txw2\2.3.4\txw2-2.3.4.jar;C:\Users\Vova\.m2\repository\com\sun\istack\istack-commons-runtime\3.0.12\istack-commons-runtime-3.0.1
Launcher Type: SUN_STANDARD

[Global flags]
     intx CICompilerCount                          = 4                                         {product} {ergonomic}
     uint ConcGCThreads                            = 2                                         {product} {ergonomic}
     uint G1ConcRefinementThreads                  = 8                                         {product} {ergonomic}
   size_t G1HeapRegionSize                         = 1048576                                   {product} {ergonomic}
    uintx GCDrainStackTargetSize                   = 64                                        {product} {ergonomic}
   size_t InitialHeapSize                          = 134217728                                 {product} {ergonomic}
     bool ManagementServer                         = true                                      {product} {command line}
   size_t MarkStackSize                            = 4194304                                   {product} {ergonomic}
   size_t MaxHeapSize                              = 2124414976                                {product} {ergonomic}
   size_t MinHeapDeltaBytes                        = 1048576                                   {product} {ergonomic}
   size_t MinHeapSize                              = 8388608                                   {product} {ergonomic}
    uintx NonNMethodCodeHeapSize                   = 7549744                                {pd product} {ergonomic}
    uintx NonProfiledCodeHeapSize                  = 244108496                              {pd product} {ergonomic}
    uintx ProfiledCodeHeapSize                     = 0                                      {pd product} {ergonomic}
    uintx ReservedCodeCacheSize                    = 251658240                              {pd product} {ergonomic}
     bool SegmentedCodeCache                       = true                                      {product} {ergonomic}
   size_t SoftMaxHeapSize                          = 2124414976                             {manageable} {ergonomic}
     intx TieredStopAtLevel                        = 1                                         {product} {command line}
     bool UseCompressedClassPointers               = true                                 {lp64_product} {ergonomic}
     bool UseCompressedOops                        = true                                 {lp64_product} {ergonomic}
     bool UseG1GC                                  = true                                      {product} {ergonomic}
     bool UseLargePagesIndividualAllocation        = false                                  {pd product} {ergonomic}

Logging:
Log output configuration:
 #0: stdout all=warning uptime,level,tags
 #1: stderr all=off uptime,level,tags

Environment Variables:
CLASSPATH=.;C:\Program Files (x86)\QuickTime\QTSystem\QTJava.zip
PATH=C:/Program Files/Java/jdk-14/bin/server;C:/Program Files/Java/jdk-14/bin;C:\Python38\Scripts\;C:\Python38\;C:\Program Files\Java\jdk-14\bin;C:\Program Files (x86)\Common Files\Oracle\Java\javapath;C:\Windows\system32;C:\Windows;C:\Windows\System32\Wbem;C:\Windows\System32\WindowsPowerShell\v1.0\;C:\Windows\System32\OpenSSH\;C:\Program Files (x86)\NVIDIA Corporation\PhysX\Common;C:\Program Files\NVIDIA Corporation\NVIDIA NvDLISR;C:\Program Files (x86)\Common Files\Acronis\SnapAPI\;C:\Program Files\MongoDB\Server\4.0\bin;C:\Program Files (x86)\QuickTime\QTSystem\;C:\ProgramData\chocolatey\bin;C:\Program Files (x86)\Yarn\bin\;C:\Program Files\Git\cmd;C:\Program Files\nodejs\;C:\Program Files\MySQL\MySQL Shell 8.0\bin\;C:\ProgramData\Microsoft VS Code\bin;C:\Users\Vova\AppData\Local\GitHubDesktop\bin;C:\Program Files\heroku\bin;C:\Program Files\JetBrains\WebStorm 2020.1\bin;;C:\Users\Vova\AppData\Local\Yarn\bin;C:\Users\Vova\AppData\Roaming\npm;C:\Users\Vova\Desktop;
USERNAME=Vova
OS=Windows_NT
PROCESSOR_IDENTIFIER=Intel64 Family 6 Model 142 Stepping 10, GenuineIntel



---------------  S Y S T E M  ---------------

OS: Windows 10 , 64 bit Build 17763 (10.0.17763.475)
OS uptime: 3 days 15:54 hours

CPU:total 8 (initial active 8) (4 cores per cpu, 2 threads per core) family 6 model 142 stepping 10, cmov, cx8, fxsr, mmx, sse, sse2, sse3, ssse3, sse4.1, sse4.2, popcnt, avx, avx2, aes, clmul, erms, 3dnowpref, lzcnt, ht, tsc, tscinvbit, bmi1, bmi2, adx, fma

Memory: 4k page, system-wide physical 8101M (490M free)
TotalPageFile size 23287M (AvailPageFile size 48M)
current process WorkingSet (physical memory assigned to process): 10M, peak: 10M
current process commit charge ("private bytes"): 58M, peak: 185M

vm_info: Java HotSpot(TM) 64-Bit Server VM (14+36-1461) for windows-amd64 JRE (14+36-1461), built on Feb  6 2020 19:08:04 by "mach5one" with MS VC++ 15.9 (VS2017)

END.
